c:\users\blade\music\opengl\opengl\debug\vc142.pdb
c:\users\blade\music\opengl\opengl\debug\vc142.idb
c:\users\blade\music\opengl\opengl\debug\vector3.obj
c:\users\blade\music\opengl\opengl\debug\spotlight.obj
c:\users\blade\music\opengl\opengl\debug\punto3d.obj
c:\users\blade\music\opengl\opengl\debug\polígono.obj
c:\users\blade\music\opengl\opengl\debug\pointlight.obj
c:\users\blade\music\opengl\opengl\debug\opengl.obj
c:\users\blade\music\opengl\opengl\debug\light.obj
c:\users\blade\music\opengl\opengl\debug\example4.obj
c:\users\blade\music\opengl\opengl\debug\example2.obj
c:\users\blade\music\opengl\opengl\debug\example1.obj
c:\users\blade\music\opengl\opengl\debug\example.obj
c:\users\blade\music\opengl\opengl\debug\directionallight.obj
c:\users\blade\music\opengl\opengl\debug\opengl.ilk
c:\users\blade\music\opengl\debug\opengl.exe
c:\users\blade\music\opengl\debug\opengl.pdb
c:\users\blade\music\opengl\opengl\debug\opengl.res
c:\users\blade\music\opengl\opengl\debug\opengl.tlog\cl.command.1.tlog
c:\users\blade\music\opengl\opengl\debug\opengl.tlog\cl.read.1.tlog
c:\users\blade\music\opengl\opengl\debug\opengl.tlog\cl.write.1.tlog
c:\users\blade\music\opengl\opengl\debug\opengl.tlog\link.command.1.tlog
c:\users\blade\music\opengl\opengl\debug\opengl.tlog\link.read.1.tlog
c:\users\blade\music\opengl\opengl\debug\opengl.tlog\link.write.1.tlog
c:\users\blade\music\opengl\opengl\debug\opengl.tlog\rc.command.1.tlog
c:\users\blade\music\opengl\opengl\debug\opengl.tlog\rc.read.1.tlog
c:\users\blade\music\opengl\opengl\debug\opengl.tlog\rc.write.1.tlog
